<?xml version="1.0"?>
<!DOCTYPE catalog PUBLIC "-//OASIS//DTD Entity Resolution XML Catalog V1.0//EN" "http://www.oasis-open.org/committees/entity/release/1.0/catalog.dtd">
<catalog xmlns="urn:oasis:names:tc:entity:xmlns:xml:catalog">
	<nextCatalog catalog="../../include/etc/xml/information-package-tools/digital-object-catalog/digital-object-catalog.xml"/>
  <nextCatalog catalog="../../include/etc/xml/information-package-tools/kdk-mets-catalog/catalog-local.xml"/>
  <nextCatalog catalog="../../include/etc/xml/information-package-tools/private-catalog/private-catalog.xml"/>
</catalog>
